Flutter crash report.
Please report a bug at https://github.com/flutter/flutter/issues.

## command

flutter run --machine --start-paused -d chrome --devtools-server-address http://127.0.0.1:9100/ --target D:\Progam\application2\lib\main.dart

## exception

PathExistsException: PathExistsException: Cannot create link, path = 'D:\Progam\application2\windows\flutter\ephemeral\.plugin_symlinks\cloud_firestore' (OS Error: Cannot create a file when that file already exists.
, errno = 183)

```
#0      _Link.throwIfError (dart:io/link.dart:358:7)
#1      _Link.createSync (dart:io/link.dart:276:5)
#2      ForwardingLink.createSync (package:file/src/forwarding/forwarding_link.dart:20:16)
#3      ForwardingLink.createSync (package:file/src/forwarding/forwarding_link.dart:20:16)
#4      _createPlatformPluginSymlinks (package:flutter_tools/src/flutter_plugins.dart:1143:12)
#5      createPluginSymlinks (package:flutter_tools/src/flutter_plugins.dart:1060:5)
#6      refreshPluginsList (package:flutter_tools/src/flutter_plugins.dart:1192:5)
<asynchronous suspension>
#7      FlutterProject.ensureReadyForPlatformSpecificTooling (package:flutter_tools/src/project.dart:385:5)
<asynchronous suspension>
#8      FlutterCommand.regeneratePlatformSpecificToolingIfApplicable (package:flutter_tools/src/runner/flutter_command.dart:1917:5)
<asynchronous suspension>
#9      FlutterCommand.verifyThenRunCommand (package:flutter_tools/src/runner/flutter_command.dart:1873:7)
<asynchronous suspension>
#10     FlutterCommand.run.<anonymous closure> (package:flutter_tools/src/runner/flutter_command.dart:1559:27)
<asynchronous suspension>
#11     AppContext.run.<anonymous closure> (package:flutter_tools/src/base/context.dart:154:19)
<asynchronous suspension>
#12     CommandRunner.runCommand (package:args/command_runner.dart:212:13)
<asynchronous suspension>
#13     FlutterCommandRunner.runCommand.<anonymous closure> (package:flutter_tools/src/runner/flutter_command_runner.dart:487:9)
<asynchronous suspension>
#14     AppContext.run.<anonymous closure> (package:flutter_tools/src/base/context.dart:154:19)
<asynchronous suspension>
#15     FlutterCommandRunner.runCommand (package:flutter_tools/src/runner/flutter_command_runner.dart:422:5)
<asynchronous suspension>
#16     run.<anonymous closure>.<anonymous closure> (package:flutter_tools/runner.dart:104:11)
<asynchronous suspension>
#17     AppContext.run.<anonymous closure> (package:flutter_tools/src/base/context.dart:154:19)
<asynchronous suspension>
#18     main (package:flutter_tools/executable.dart:103:3)
<asynchronous suspension>
```

## flutter doctor

```
[✓] Flutter (Channel stable, 3.38.3, on Microsoft Windows [Version 10.0.26200.7171], locale th-TH) [584ms]
    • Flutter version 3.38.3 on channel stable at C:\flutter
    • Upstream repository https://github.com/flutter/flutter.git
    • Framework revision 19074d12f7 (2 weeks ago), 2025-11-20 17:53:13 -0500
    • Engine revision 13e658725d
    • Dart version 3.10.1
    • DevTools version 2.51.1
    • Feature flags: enable-web, enable-linux-desktop, enable-macos-desktop, enable-windows-desktop, enable-android, enable-ios, cli-animations, enable-native-assets, omit-legacy-version-file, enable-lldb-debugging

[✓] Windows Version (Windows 11 or higher, 25H2, 2009) [2.8s]

[✓] Android toolchain - develop for Android devices (Android SDK version 36.1.0) [3.5s]
    • Android SDK at C:\Users\free0\AppData\Local\Android\Sdk
    • Emulator version 36.2.12.0 (build_id 14214601) (CL:N/A)
    • Platform android-36, build-tools 36.1.0
    • Java binary at: C:\Program Files\Android\Android Studio\jbr\bin\java
      This is the JDK bundled with the latest Android Studio installation on this machine.
      To manually set the JDK path, use: `flutter config --jdk-dir="path/to/jdk"`.
    • Java version OpenJDK Runtime Environment (build 21.0.8+-14196175-b1038.72)
    • All Android licenses accepted.

[✓] Chrome - develop for the web [297ms]
    • Chrome at C:\Program Files\Google\Chrome\Application\chrome.exe

[✓] Visual Studio - develop Windows apps (Visual Studio Community 2026 18.0.2) [293ms]
    • Visual Studio at C:\Program Files\Microsoft Visual Studio\18\Community
    • Visual Studio Community 2026 version 18.0.11222.15
    • Windows 10 SDK version 10.0.26100.0

[✓] Connected device (3 available) [229ms]
    • Windows (desktop) • windows • windows-x64    • Microsoft Windows [Version 10.0.26200.7171]
    • Chrome (web)      • chrome  • web-javascript • Google Chrome 142.0.7444.176
    • Edge (web)        • edge    • web-javascript • Microsoft Edge 143.0.3650.66

[✓] Network resources [1,315ms]
    • All expected network resources are available.

• No issues found!
```
